2025-12-26 20:34:55 - Démarrage auto-fix vouchers
=== Fix TOUS les Vouchers: Création Cleartext-Password ===

Total vouchers utilisés (status=1): 59


=== Résumé ===
Vouchers fixés: 0
Vouchers déjà OK: 59
Total: 59

✅ Terminé!
2025-12-26 20:34:55 - Aucun nouveau voucher à fixer

2025-12-26 21:00:01 - Démarrage auto-fix vouchers
2025-12-26 21:00:01 - Démarrage auto-fix vouchers
=== Fix TOUS les Vouchers: Création Cleartext-Password ===

Total vouchers utilisés (status=1): 60


=== Résumé ===
Vouchers fixés: 0
Vouchers déjà OK: 60
Total: 60

✅ Terminé!
=== Fix TOUS les Vouchers: Création Cleartext-Password ===

Total vouchers utilisés (status=1): 60


=== Résumé ===
Vouchers fixés: 0
Vouchers déjà OK: 60
Total: 60

✅ Terminé!
2025-12-26 21:00:02 - Aucun nouveau voucher à fixer

2025-12-26 21:00:02 - Aucun nouveau voucher à fixer

2025-12-26 22:00:01 - Démarrage auto-fix vouchers
2025-12-26 22:00:01 - Démarrage auto-fix vouchers
=== Fix TOUS les Vouchers: Création Cleartext-Password ===

Total vouchers utilisés (status=1): 60


=== Résumé ===
Vouchers fixés: 0
Vouchers déjà OK: 60
Total: 60

✅ Terminé!
=== Fix TOUS les Vouchers: Création Cleartext-Password ===

Total vouchers utilisés (status=1): 60


=== Résumé ===
Vouchers fixés: 0
Vouchers déjà OK: 60
Total: 60

✅ Terminé!
2025-12-26 22:00:01 - Aucun nouveau voucher à fixer

2025-12-26 22:00:01 - Aucun nouveau voucher à fixer

